"GALE_54E8D259-CA9D-7A8C-1498-0ACAF6FD7E71";"Tue Mar 21 10:27:21 CET 2017";"http://localhost:8080/gale/concept/gale://gale.tue.nl/aha3/tutorial/welcome";"http://localhost:8080/gale/login";"gale://gale.tue.nl/aha3/tutorial/welcome";"http://localhost:8080/gale/concept/gale://gale.tue.nl/aha3/tutorial/welcome"
"GALE_54E8D259-CA9D-7A8C-1498-0ACAF6FD7E71";"Tue Mar 21 10:27:22 CET 2017";"http://localhost:8080/gale/concept/gale://gale.tue.nl/aha3/tutorial/$%7Bhome%7D/gale.css";"http://localhost:8080/gale/concept/gale://gale.tue.nl/aha3/tutorial/welcome";"null";"null"
"GALE_54E8D259-CA9D-7A8C-1498-0ACAF6FD7E71";"Tue Mar 21 10:27:22 CET 2017";"http://localhost:8080/gale/concept/$%7Bhome%7D/images/GreenBall.gif";"http://localhost:8080/gale/concept/gale://gale.tue.nl/aha3/tutorial/welcome";"null";"null"
"GALE_54E8D259-CA9D-7A8C-1498-0ACAF6FD7E71";"Tue Mar 21 10:27:22 CET 2017";"http://localhost:8080/gale/concept/$%7Bhome%7D/images/RedBall.gif";"http://localhost:8080/gale/concept/gale://gale.tue.nl/aha3/tutorial/welcome";"null";"null"
"GALE_54E8D259-CA9D-7A8C-1498-0ACAF6FD7E71";"Tue Mar 21 10:27:22 CET 2017";"http://localhost:8080/gale/concept/$%7Bhome%7D/images/WhiteBall.gif";"http://localhost:8080/gale/concept/gale://gale.tue.nl/aha3/tutorial/welcome";"null";"null"
"GALE_54E8D259-CA9D-7A8C-1498-0ACAF6FD7E71";"Tue Mar 21 10:27:22 CET 2017";"http://localhost:8080/gale/concept/gale://gale.tue.nl/aha3/tutorial/welcome";"http://localhost:8080/gale/concept/gale://gale.tue.nl/aha3/tutorial/welcome";"gale://gale.tue.nl/aha3/tutorial/welcome";"file:/C:/Users/Niels/Documents/web-based-adaptive-system/gale/tutorial/xml/readme.xhtml"
"GALE_54E8D259-CA9D-7A8C-1498-0ACAF6FD7E71";"Tue Mar 21 10:27:23 CET 2017";"http://localhost:8080/gale/concept/gale://gale.tue.nl/aha3/tutorial/$%7Bhome%7D/gale.css";"http://localhost:8080/gale/concept/gale://gale.tue.nl/aha3/tutorial/welcome?frame=true";"null";"null"
"GALE_54E8D259-CA9D-7A8C-1498-0ACAF6FD7E71";"Tue Mar 21 10:27:23 CET 2017";"http://localhost:8080/gale/concept/gale://gale.tue.nl/aha3/tutorial/welcome/$%7Bhome%7D/tutorial/images/tinydebra.jpg";"http://localhost:8080/gale/concept/gale://gale.tue.nl/aha3/tutorial/welcome?frame=true";"null";"null"
"GALE_54E8D259-CA9D-7A8C-1498-0ACAF6FD7E71";"Tue Mar 21 10:27:28 CET 2017";"http://localhost:8080/gale/concept/gale://gale.tue.nl/course/milkyway/Milkyway";"http://localhost:8080/gale/";"gale://gale.tue.nl/course/milkyway/Milkyway";"http://localhost:8080/gale/concept/gale://gale.tue.nl/course/milkyway/Milkyway"
"GALE_54E8D259-CA9D-7A8C-1498-0ACAF6FD7E71";"Tue Mar 21 10:27:28 CET 2017";"http://localhost:8080/gale/concept/gale://gale.tue.nl/course/milkyway/$%7Bhome%7D/gale.css";"http://localhost:8080/gale/concept/gale://gale.tue.nl/course/milkyway/Milkyway";"null";"null"
"GALE_54E8D259-CA9D-7A8C-1498-0ACAF6FD7E71";"Tue Mar 21 10:27:28 CET 2017";"http://localhost:8080/gale/concept/$%7Bhome%7D/images/WhiteBall.gif";"http://localhost:8080/gale/concept/gale://gale.tue.nl/course/milkyway/Milkyway";"null";"null"
"GALE_54E8D259-CA9D-7A8C-1498-0ACAF6FD7E71";"Tue Mar 21 10:27:28 CET 2017";"http://localhost:8080/gale/concept/$%7Bhome%7D/images/GreenBall.gif";"http://localhost:8080/gale/concept/gale://gale.tue.nl/course/milkyway/Milkyway";"null";"null"
"GALE_54E8D259-CA9D-7A8C-1498-0ACAF6FD7E71";"Tue Mar 21 10:27:28 CET 2017";"http://localhost:8080/gale/concept/gale://gale.tue.nl/course/milkyway/Milkyway";"http://localhost:8080/gale/concept/gale://gale.tue.nl/course/milkyway/Milkyway";"gale://gale.tue.nl/course/milkyway/Milkyway";"file:/C:/Users/Niels/Documents/web-based-adaptive-system/gale/Milkyway/xml/milkyway_template.xhtml"
"GALE_54E8D259-CA9D-7A8C-1498-0ACAF6FD7E71";"Tue Mar 21 10:27:29 CET 2017";"http://localhost:8080/gale/concept/gale://gale.tue.nl/course/milkyway/$%7Bhome%7D/gale.css";"http://localhost:8080/gale/concept/gale://gale.tue.nl/course/milkyway/Milkyway?frame=true";"null";"null"
"GALE_54E8D259-CA9D-7A8C-1498-0ACAF6FD7E71";"Tue Mar 21 10:27:29 CET 2017";"http://localhost:8080/gale/concept/gale://gale.tue.nl/course/milkyway/Milkyway/$%7Bhome%7D/Milkyway/img/img_milkyway.jpg";"http://localhost:8080/gale/concept/gale://gale.tue.nl/course/milkyway/Milkyway?frame=true";"null";"null"
"GALE_54E8D259-CA9D-7A8C-1498-0ACAF6FD7E71";"Tue Mar 21 10:28:25 CET 2017";"http://localhost:8080/gale/concept/gale://gale.tue.nl/course/milkyway/Milkyway";"http://localhost:8080/gale/";"gale://gale.tue.nl/course/milkyway/Milkyway";"http://localhost:8080/gale/concept/gale://gale.tue.nl/course/milkyway/Milkyway"
"GALE_54E8D259-CA9D-7A8C-1498-0ACAF6FD7E71";"Tue Mar 21 10:28:25 CET 2017";"http://localhost:8080/gale/concept/gale://gale.tue.nl/course/milkyway/$%7Bhome%7D/gale.css";"http://localhost:8080/gale/concept/gale://gale.tue.nl/course/milkyway/Milkyway";"null";"null"
"GALE_54E8D259-CA9D-7A8C-1498-0ACAF6FD7E71";"Tue Mar 21 10:28:25 CET 2017";"http://localhost:8080/gale/concept/$%7Bhome%7D/images/WhiteBall.gif";"http://localhost:8080/gale/concept/gale://gale.tue.nl/course/milkyway/Milkyway";"null";"null"
"GALE_54E8D259-CA9D-7A8C-1498-0ACAF6FD7E71";"Tue Mar 21 10:28:25 CET 2017";"http://localhost:8080/gale/concept/$%7Bhome%7D/images/GreenBall.gif";"http://localhost:8080/gale/concept/gale://gale.tue.nl/course/milkyway/Milkyway";"null";"null"
"GALE_54E8D259-CA9D-7A8C-1498-0ACAF6FD7E71";"Tue Mar 21 10:28:25 CET 2017";"http://localhost:8080/gale/concept/gale://gale.tue.nl/course/milkyway/Milkyway";"http://localhost:8080/gale/concept/gale://gale.tue.nl/course/milkyway/Milkyway";"gale://gale.tue.nl/course/milkyway/Milkyway";"file:/C:/Users/Niels/Documents/web-based-adaptive-system/gale/Milkyway/xml/milkyway_template.xhtml"
"GALE_54E8D259-CA9D-7A8C-1498-0ACAF6FD7E71";"Tue Mar 21 10:28:25 CET 2017";"http://localhost:8080/gale/concept/gale://gale.tue.nl/course/milkyway/Milkyway/$%7Bhome%7D/Milkyway/img/img_milkyway.jpg";"http://localhost:8080/gale/concept/gale://gale.tue.nl/course/milkyway/Milkyway?frame=true";"null";"null"
"GALE_54E8D259-CA9D-7A8C-1498-0ACAF6FD7E71";"Tue Mar 21 10:28:28 CET 2017";"http://localhost:8080/gale/concept/gale://gale.tue.nl/course/milkyway/Milkyway";;"gale://gale.tue.nl/course/milkyway/Milkyway";"http://localhost:8080/gale/concept/gale://gale.tue.nl/course/milkyway/Milkyway"
"GALE_54E8D259-CA9D-7A8C-1498-0ACAF6FD7E71";"Tue Mar 21 10:28:28 CET 2017";"http://localhost:8080/gale/concept/gale://gale.tue.nl/course/milkyway/$%7Bhome%7D/gale.css";"http://localhost:8080/gale/concept/gale://gale.tue.nl/course/milkyway/Milkyway";"null";"null"
"GALE_54E8D259-CA9D-7A8C-1498-0ACAF6FD7E71";"Tue Mar 21 10:28:28 CET 2017";"http://localhost:8080/gale/concept/$%7Bhome%7D/images/WhiteBall.gif";"http://localhost:8080/gale/concept/gale://gale.tue.nl/course/milkyway/Milkyway";"null";"null"
"GALE_54E8D259-CA9D-7A8C-1498-0ACAF6FD7E71";"Tue Mar 21 10:28:28 CET 2017";"http://localhost:8080/gale/concept/$%7Bhome%7D/images/GreenBall.gif";"http://localhost:8080/gale/concept/gale://gale.tue.nl/course/milkyway/Milkyway";"null";"null"
"GALE_54E8D259-CA9D-7A8C-1498-0ACAF6FD7E71";"Tue Mar 21 10:28:28 CET 2017";"http://localhost:8080/gale/concept/gale://gale.tue.nl/course/milkyway/Milkyway";"http://localhost:8080/gale/concept/gale://gale.tue.nl/course/milkyway/Milkyway";"gale://gale.tue.nl/course/milkyway/Milkyway";"file:/C:/Users/Niels/Documents/web-based-adaptive-system/gale/Milkyway/xml/milkyway_template.xhtml"
"GALE_54E8D259-CA9D-7A8C-1498-0ACAF6FD7E71";"Tue Mar 21 10:28:28 CET 2017";"http://localhost:8080/gale/concept/gale://gale.tue.nl/course/milkyway/Milkyway/$%7Bhome%7D/Milkyway/img/img_milkyway.jpg";"http://localhost:8080/gale/concept/gale://gale.tue.nl/course/milkyway/Milkyway?frame=true";"null";"null"
"GALE_54E8D259-CA9D-7A8C-1498-0ACAF6FD7E71";"Tue Mar 21 10:28:28 CET 2017";"http://localhost:8080/gale/concept/gale://gale.tue.nl/course/milkyway/$%7Bhome%7D/gale.css";"http://localhost:8080/gale/concept/gale://gale.tue.nl/course/milkyway/Milkyway?frame=true";"null";"null"
"GALE_54E8D259-CA9D-7A8C-1498-0ACAF6FD7E71";"Tue Mar 21 10:30:47 CET 2017";"http://localhost:8080/gale/concept/gale://gale.tue.nl/admin/AMt";"http://localhost:8080/gale/";"gale://gale.tue.nl/admin/AMt";"http://localhost:8080/gale/concept/gale://gale.tue.nl/admin/AMt"
"GALE_54E8D259-CA9D-7A8C-1498-0ACAF6FD7E71";"Tue Mar 21 10:30:47 CET 2017";"http://localhost:8080/gale/concept/gale://gale.tue.nl/admin/$%7Bhome%7D/gale.css";"http://localhost:8080/gale/concept/gale://gale.tue.nl/admin/AMt";"null";"null"
"GALE_54E8D259-CA9D-7A8C-1498-0ACAF6FD7E71";"Tue Mar 21 10:30:47 CET 2017";"http://localhost:8080/gale/concept/$%7Bhome%7D/images/GreenBall.gif";"http://localhost:8080/gale/concept/gale://gale.tue.nl/admin/AMt";"null";"null"
"GALE_54E8D259-CA9D-7A8C-1498-0ACAF6FD7E71";"Tue Mar 21 10:30:47 CET 2017";"http://localhost:8080/gale/concept/gale://gale.tue.nl/admin/AMt";"http://localhost:8080/gale/concept/gale://gale.tue.nl/admin/AMt";"gale://gale.tue.nl/admin/AMt";"file:/C:/Users/Niels/Documents/web-based-adaptive-system/gale/admin/AMt.xhtml"
"GALE_54E8D259-CA9D-7A8C-1498-0ACAF6FD7E71";"Tue Mar 21 10:30:47 CET 2017";"http://localhost:8080/gale/concept/gale://gale.tue.nl/admin/$%7Bhome%7D/gale.css";"http://localhost:8080/gale/concept/gale://gale.tue.nl/admin/AMt?frame=true";"null";"null"
"GALE_54E8D259-CA9D-7A8C-1498-0ACAF6FD7E71";"Tue Mar 21 10:31:38 CET 2017";"http://localhost:8080/gale/concept/gale://gale.tue.nl/course/milkyway/Milkyway";"http://localhost:8080/gale/";"gale://gale.tue.nl/course/milkyway/Milkyway";"http://localhost:8080/gale/concept/gale://gale.tue.nl/course/milkyway/Milkyway"
"GALE_54E8D259-CA9D-7A8C-1498-0ACAF6FD7E71";"Tue Mar 21 10:31:39 CET 2017";"http://localhost:8080/gale/concept/gale://gale.tue.nl/course/milkyway/$%7Bhome%7D/gale.css";"http://localhost:8080/gale/concept/gale://gale.tue.nl/course/milkyway/Milkyway";"null";"null"
"GALE_54E8D259-CA9D-7A8C-1498-0ACAF6FD7E71";"Tue Mar 21 10:31:39 CET 2017";"http://localhost:8080/gale/concept/$%7Bhome%7D/images/WhiteBall.gif";"http://localhost:8080/gale/concept/gale://gale.tue.nl/course/milkyway/Milkyway";"null";"null"
"GALE_54E8D259-CA9D-7A8C-1498-0ACAF6FD7E71";"Tue Mar 21 10:31:39 CET 2017";"http://localhost:8080/gale/concept/$%7Bhome%7D/images/GreenBall.gif";"http://localhost:8080/gale/concept/gale://gale.tue.nl/course/milkyway/Milkyway";"null";"null"
"GALE_54E8D259-CA9D-7A8C-1498-0ACAF6FD7E71";"Tue Mar 21 10:31:39 CET 2017";"http://localhost:8080/gale/concept/gale://gale.tue.nl/course/milkyway/Milkyway";"http://localhost:8080/gale/concept/gale://gale.tue.nl/course/milkyway/Milkyway";"gale://gale.tue.nl/course/milkyway/Milkyway";"file:/C:/Users/Niels/Documents/web-based-adaptive-system/gale/Milkyway/xml/milkyway_template.xhtml"
"GALE_54E8D259-CA9D-7A8C-1498-0ACAF6FD7E71";"Tue Mar 21 10:31:39 CET 2017";"http://localhost:8080/gale/concept/gale://gale.tue.nl/course/milkyway/$%7Bhome%7D/gale.css";"http://localhost:8080/gale/concept/gale://gale.tue.nl/course/milkyway/Milkyway?frame=true";"null";"null"
"GALE_54E8D259-CA9D-7A8C-1498-0ACAF6FD7E71";"Tue Mar 21 10:31:39 CET 2017";"http://localhost:8080/gale/concept/gale://gale.tue.nl/course/milkyway/Milkyway/$%7Bhome%7D/Milkyway/img/img_milkyway.jpg";"http://localhost:8080/gale/concept/gale://gale.tue.nl/course/milkyway/Milkyway?frame=true";"null";"null"
"GALE_54E8D259-CA9D-7A8C-1498-0ACAF6FD7E71";"Tue Mar 21 10:31:45 CET 2017";"http://localhost:8080/gale/concept/gale://gale.tue.nl/course/milkyway/Milkyway";"http://localhost:8080/gale/";"gale://gale.tue.nl/course/milkyway/Milkyway";"http://localhost:8080/gale/concept/gale://gale.tue.nl/course/milkyway/Milkyway"
"GALE_54E8D259-CA9D-7A8C-1498-0ACAF6FD7E71";"Tue Mar 21 10:32:06 CET 2017";"http://localhost:8080/gale/concept/gale://gale.tue.nl/course/milkyway/Moon";;"gale://gale.tue.nl/course/milkyway/Moon";"http://localhost:8080/gale/concept/gale://gale.tue.nl/course/milkyway/Moon"
"GALE_54E8D259-CA9D-7A8C-1498-0ACAF6FD7E71";"Tue Mar 21 10:32:07 CET 2017";"http://localhost:8080/gale/concept/gale://gale.tue.nl/course/milkyway/$%7Bhome%7D/gale.css";"http://localhost:8080/gale/concept/gale://gale.tue.nl/course/milkyway/Moon";"null";"null"
"GALE_54E8D259-CA9D-7A8C-1498-0ACAF6FD7E71";"Tue Mar 21 10:32:07 CET 2017";"http://localhost:8080/gale/concept/$%7Bhome%7D/images/WhiteBall.gif";"http://localhost:8080/gale/concept/gale://gale.tue.nl/course/milkyway/Moon";"null";"null"
"GALE_54E8D259-CA9D-7A8C-1498-0ACAF6FD7E71";"Tue Mar 21 10:32:07 CET 2017";"http://localhost:8080/gale/concept/$%7Bhome%7D/images/GreenBall.gif";"http://localhost:8080/gale/concept/gale://gale.tue.nl/course/milkyway/Moon";"null";"null"
"GALE_54E8D259-CA9D-7A8C-1498-0ACAF6FD7E71";"Tue Mar 21 10:32:07 CET 2017";"http://localhost:8080/gale/concept/$%7Bhome%7D/images/RedBall.gif";"http://localhost:8080/gale/concept/gale://gale.tue.nl/course/milkyway/Moon";"null";"null"
"GALE_54E8D259-CA9D-7A8C-1498-0ACAF6FD7E71";"Tue Mar 21 10:32:07 CET 2017";"http://localhost:8080/gale/concept/gale://gale.tue.nl/course/milkyway/Moon";"http://localhost:8080/gale/concept/gale://gale.tue.nl/course/milkyway/Moon";"gale://gale.tue.nl/course/milkyway/Moon";"file:/C:/Users/Niels/Documents/web-based-adaptive-system/gale/Milkyway/xml/celestial_object_template.xhtml"
"GALE_54E8D259-CA9D-7A8C-1498-0ACAF6FD7E71";"Tue Mar 21 10:32:07 CET 2017";"http://localhost:8080/gale/concept/gale://gale.tue.nl/course/milkyway/$%7Bhome%7D/gale.css";"http://localhost:8080/gale/concept/gale://gale.tue.nl/course/milkyway/Moon?frame=true";"null";"null"
"GALE_54E8D259-CA9D-7A8C-1498-0ACAF6FD7E71";"Tue Mar 21 10:32:07 CET 2017";"http://localhost:8080/gale/concept/gale://gale.tue.nl/course/milkyway/Moon/$%7Bhome%7D/Milkyway/img/img_moon.jpg";"http://localhost:8080/gale/concept/gale://gale.tue.nl/course/milkyway/Moon?frame=true";"null";"null"
"GALE_54E8D259-CA9D-7A8C-1498-0ACAF6FD7E71";"Tue Mar 21 10:32:58 CET 2017";"http://localhost:8080/gale/concept/gale://gale.tue.nl/course/grapple/GALE";"http://localhost:8080/gale/";"gale://gale.tue.nl/course/grapple/GALE";"http://localhost:8080/gale/concept/gale://gale.tue.nl/course/grapple/GALE"
"GALE_54E8D259-CA9D-7A8C-1498-0ACAF6FD7E71";"Tue Mar 21 10:32:58 CET 2017";"http://localhost:8080/gale/concept/gale://gale.tue.nl/course/grapple/$%7Bhome%7D/gale.css";"http://localhost:8080/gale/concept/gale://gale.tue.nl/course/grapple/GALE";"null";"null"
"GALE_54E8D259-CA9D-7A8C-1498-0ACAF6FD7E71";"Tue Mar 21 10:32:58 CET 2017";"http://localhost:8080/gale/concept/$%7Bhome%7D/images/GreenBall.gif";"http://localhost:8080/gale/concept/gale://gale.tue.nl/course/grapple/GALE";"null";"null"
"GALE_54E8D259-CA9D-7A8C-1498-0ACAF6FD7E71";"Tue Mar 21 10:32:58 CET 2017";"http://localhost:8080/gale/concept/$%7Bhome%7D/images/RedBall.gif";"http://localhost:8080/gale/concept/gale://gale.tue.nl/course/grapple/GALE";"null";"null"
"GALE_54E8D259-CA9D-7A8C-1498-0ACAF6FD7E71";"Tue Mar 21 10:32:58 CET 2017";"http://localhost:8080/gale/concept/$%7Bhome%7D/images/WhiteBall.gif";"http://localhost:8080/gale/concept/gale://gale.tue.nl/course/grapple/GALE";"null";"null"
"GALE_54E8D259-CA9D-7A8C-1498-0ACAF6FD7E71";"Tue Mar 21 10:32:58 CET 2017";"http://localhost:8080/gale/concept/gale://gale.tue.nl/course/grapple/GALE";"http://localhost:8080/gale/concept/gale://gale.tue.nl/course/grapple/GALE";"gale://gale.tue.nl/course/grapple/GALE";"file:/C:/Users/Niels/Documents/web-based-adaptive-system/gale/grapple/pages/gale/gale_welcome.xhtml"
"GALE_54E8D259-CA9D-7A8C-1498-0ACAF6FD7E71";"Tue Mar 21 10:32:59 CET 2017";;;"gale://gale.tue.nl/course/grapple/glossary_um";"file:/C:/Users/Niels/Documents/web-based-adaptive-system/gale/grapple/pages/glossary/um.xhtml"
"GALE_54E8D259-CA9D-7A8C-1498-0ACAF6FD7E71";"Tue Mar 21 10:32:59 CET 2017";;;"gale://gale.tue.nl/course/grapple/glossary_um";"file:/C:/Users/Niels/Documents/web-based-adaptive-system/gale/grapple/pages/glossary/um.xhtml"
"GALE_54E8D259-CA9D-7A8C-1498-0ACAF6FD7E71";"Tue Mar 21 10:32:59 CET 2017";;;"gale://gale.tue.nl/course/grapple/glossary_prt";"file:/C:/Users/Niels/Documents/web-based-adaptive-system/gale/grapple/pages/glossary/prt.xhtml"
"GALE_54E8D259-CA9D-7A8C-1498-0ACAF6FD7E71";"Tue Mar 21 10:32:59 CET 2017";"http://localhost:8080/gale/concept/gale://gale.tue.nl/course/grapple/GALE/$%7Bhome%7D/grapple/tutorial.css";"http://localhost:8080/gale/concept/gale://gale.tue.nl/course/grapple/GALE?frame=true";"null";"null"
"GALE_54E8D259-CA9D-7A8C-1498-0ACAF6FD7E71";"Tue Mar 21 10:32:59 CET 2017";"http://localhost:8080/gale/concept/gale://gale.tue.nl/course/grapple/$%7Bhome%7D/gale.css";"http://localhost:8080/gale/concept/gale://gale.tue.nl/course/grapple/GALE?frame=true";"null";"null"
"GALE_54E8D259-CA9D-7A8C-1498-0ACAF6FD7E71";"Tue Mar 21 10:33:01 CET 2017";"http://localhost:8080/gale/concept/gale://gale.tue.nl/course/grapple/gale_intro";"http://localhost:8080/gale/concept/gale://gale.tue.nl/course/grapple/GALE";"gale://gale.tue.nl/course/grapple/gale_intro";"http://localhost:8080/gale/concept/gale://gale.tue.nl/course/grapple/gale_intro"
"GALE_54E8D259-CA9D-7A8C-1498-0ACAF6FD7E71";"Tue Mar 21 10:33:01 CET 2017";"http://localhost:8080/gale/concept/gale://gale.tue.nl/course/grapple/$%7Bhome%7D/gale.css";"http://localhost:8080/gale/concept/gale://gale.tue.nl/course/grapple/gale_intro";"null";"null"
"GALE_54E8D259-CA9D-7A8C-1498-0ACAF6FD7E71";"Tue Mar 21 10:33:01 CET 2017";"http://localhost:8080/gale/concept/$%7Bhome%7D/images/GreenBall.gif";"http://localhost:8080/gale/concept/gale://gale.tue.nl/course/grapple/gale_intro";"null";"null"
"GALE_54E8D259-CA9D-7A8C-1498-0ACAF6FD7E71";"Tue Mar 21 10:33:01 CET 2017";"http://localhost:8080/gale/concept/$%7Bhome%7D/images/WhiteBall.gif";"http://localhost:8080/gale/concept/gale://gale.tue.nl/course/grapple/gale_intro";"null";"null"
"GALE_54E8D259-CA9D-7A8C-1498-0ACAF6FD7E71";"Tue Mar 21 10:33:01 CET 2017";"http://localhost:8080/gale/concept/gale://gale.tue.nl/course/grapple/gale_intro";"http://localhost:8080/gale/concept/gale://gale.tue.nl/course/grapple/gale_intro";"gale://gale.tue.nl/course/grapple/gale_intro";"file:/C:/Users/Niels/Documents/web-based-adaptive-system/gale/grapple/pages/gale/gale_intro.xhtml"
"GALE_54E8D259-CA9D-7A8C-1498-0ACAF6FD7E71";"Tue Mar 21 10:33:01 CET 2017";;;"gale://gale.tue.nl/course/grapple/glossary_gale";"file:/C:/Users/Niels/Documents/web-based-adaptive-system/gale/grapple/pages/glossary/gale.xhtml"
"GALE_54E8D259-CA9D-7A8C-1498-0ACAF6FD7E71";"Tue Mar 21 10:33:01 CET 2017";;;"gale://gale.tue.nl/course/grapple/glossary_gat";"file:/C:/Users/Niels/Documents/web-based-adaptive-system/gale/grapple/pages/glossary/gat.xhtml"
"GALE_54E8D259-CA9D-7A8C-1498-0ACAF6FD7E71";"Tue Mar 21 10:33:01 CET 2017";;;"gale://gale.tue.nl/course/grapple/glossary_cam";"file:/C:/Users/Niels/Documents/web-based-adaptive-system/gale/grapple/pages/glossary/cam.xhtml"
"GALE_54E8D259-CA9D-7A8C-1498-0ACAF6FD7E71";"Tue Mar 21 10:33:01 CET 2017";;;"gale://gale.tue.nl/course/grapple/glossary_prt";"file:/C:/Users/Niels/Documents/web-based-adaptive-system/gale/grapple/pages/glossary/prt.xhtml"
"GALE_54E8D259-CA9D-7A8C-1498-0ACAF6FD7E71";"Tue Mar 21 10:33:01 CET 2017";"http://localhost:8080/gale/concept/gale://gale.tue.nl/course/grapple/$%7Bhome%7D/gale.css";"http://localhost:8080/gale/concept/gale://gale.tue.nl/course/grapple/gale_intro?frame=true";"null";"null"
"GALE_54E8D259-CA9D-7A8C-1498-0ACAF6FD7E71";"Tue Mar 21 10:33:02 CET 2017";"http://localhost:8080/gale/concept/gale://gale.tue.nl/course/grapple/gale_intro/$%7Bhome%7D/grapple/tutorial.css";"http://localhost:8080/gale/concept/gale://gale.tue.nl/course/grapple/gale_intro?frame=true";"null";"null"
"GALE_54E8D259-CA9D-7A8C-1498-0ACAF6FD7E71";"Tue Mar 21 10:33:02 CET 2017";"http://localhost:8080/gale/concept/gale://gale.tue.nl/course/grapple/gale_intro/$%7Bhome%7D/images/GreenBall.gif";"http://localhost:8080/gale/concept/gale://gale.tue.nl/course/grapple/gale_intro?frame=true";"null";"null"
"GALE_54E8D259-CA9D-7A8C-1498-0ACAF6FD7E71";"Tue Mar 21 10:33:02 CET 2017";"http://localhost:8080/gale/concept/gale://gale.tue.nl/course/grapple/gale_intro/$%7Bhome%7D/images/WhiteBall.gif";"http://localhost:8080/gale/concept/gale://gale.tue.nl/course/grapple/gale_intro?frame=true";"null";"null"
"GALE_54E8D259-CA9D-7A8C-1498-0ACAF6FD7E71";"Tue Mar 21 10:33:02 CET 2017";"http://localhost:8080/gale/concept/gale://gale.tue.nl/course/grapple/gale_intro/$%7Bhome%7D/images/RedBall.gif";"http://localhost:8080/gale/concept/gale://gale.tue.nl/course/grapple/gale_intro?frame=true";"null";"null"
"GALE_54E8D259-CA9D-7A8C-1498-0ACAF6FD7E71";"Tue Mar 21 10:33:05 CET 2017";"http://localhost:8080/gale/concept/gale://gale.tue.nl/course/grapple/gale_architecture";"http://localhost:8080/gale/concept/gale://gale.tue.nl/course/grapple/gale_intro";"gale://gale.tue.nl/course/grapple/gale_architecture";"http://localhost:8080/gale/concept/gale://gale.tue.nl/course/grapple/gale_architecture"
"GALE_54E8D259-CA9D-7A8C-1498-0ACAF6FD7E71";"Tue Mar 21 10:33:05 CET 2017";"http://localhost:8080/gale/concept/gale://gale.tue.nl/course/grapple/$%7Bhome%7D/gale.css";"http://localhost:8080/gale/concept/gale://gale.tue.nl/course/grapple/gale_architecture";"null";"null"
"GALE_54E8D259-CA9D-7A8C-1498-0ACAF6FD7E71";"Tue Mar 21 10:33:05 CET 2017";"http://localhost:8080/gale/concept/$%7Bhome%7D/images/GreenBall.gif";"http://localhost:8080/gale/concept/gale://gale.tue.nl/course/grapple/gale_architecture";"null";"null"
"GALE_54E8D259-CA9D-7A8C-1498-0ACAF6FD7E71";"Tue Mar 21 10:33:05 CET 2017";"http://localhost:8080/gale/concept/$%7Bhome%7D/images/WhiteBall.gif";"http://localhost:8080/gale/concept/gale://gale.tue.nl/course/grapple/gale_architecture";"null";"null"
"GALE_54E8D259-CA9D-7A8C-1498-0ACAF6FD7E71";"Tue Mar 21 10:33:05 CET 2017";"http://localhost:8080/gale/concept/gale://gale.tue.nl/course/grapple/gale_architecture";"http://localhost:8080/gale/concept/gale://gale.tue.nl/course/grapple/gale_architecture";"gale://gale.tue.nl/course/grapple/gale_architecture";"file:/C:/Users/Niels/Documents/web-based-adaptive-system/gale/grapple/pages/gale/gale_architecture.xhtml"
"GALE_54E8D259-CA9D-7A8C-1498-0ACAF6FD7E71";"Tue Mar 21 10:33:05 CET 2017";;;"gale://gale.tue.nl/course/grapple/glossary_gale";"file:/C:/Users/Niels/Documents/web-based-adaptive-system/gale/grapple/pages/glossary/gale.xhtml"
"GALE_54E8D259-CA9D-7A8C-1498-0ACAF6FD7E71";"Tue Mar 21 10:33:05 CET 2017";;;"gale://gale.tue.nl/course/grapple/glossary_dm";"file:/C:/Users/Niels/Documents/web-based-adaptive-system/gale/grapple/pages/glossary/dm.xhtml"
"GALE_54E8D259-CA9D-7A8C-1498-0ACAF6FD7E71";"Tue Mar 21 10:33:05 CET 2017";;;"gale://gale.tue.nl/course/grapple/glossary_um";"file:/C:/Users/Niels/Documents/web-based-adaptive-system/gale/grapple/pages/glossary/um.xhtml"
"GALE_54E8D259-CA9D-7A8C-1498-0ACAF6FD7E71";"Tue Mar 21 10:33:05 CET 2017";;;"gale://gale.tue.nl/course/grapple/glossary_gat";"file:/C:/Users/Niels/Documents/web-based-adaptive-system/gale/grapple/pages/glossary/gat.xhtml"
"GALE_54E8D259-CA9D-7A8C-1498-0ACAF6FD7E71";"Tue Mar 21 10:33:05 CET 2017";;;"gale://gale.tue.nl/course/grapple/glossary_cam";"file:/C:/Users/Niels/Documents/web-based-adaptive-system/gale/grapple/pages/glossary/cam.xhtml"
"GALE_54E8D259-CA9D-7A8C-1498-0ACAF6FD7E71";"Tue Mar 21 10:33:05 CET 2017";;;"gale://gale.tue.nl/course/grapple/glossary_geb";"file:/C:/Users/Niels/Documents/web-based-adaptive-system/gale/grapple/pages/glossary/geb.xhtml"
"GALE_54E8D259-CA9D-7A8C-1498-0ACAF6FD7E71";"Tue Mar 21 10:33:05 CET 2017";;;"gale://gale.tue.nl/course/grapple/glossary_dm";"file:/C:/Users/Niels/Documents/web-based-adaptive-system/gale/grapple/pages/glossary/dm.xhtml"
"GALE_54E8D259-CA9D-7A8C-1498-0ACAF6FD7E71";"Tue Mar 21 10:33:05 CET 2017";;;"gale://gale.tue.nl/course/grapple/glossary_gumf";"file:/C:/Users/Niels/Documents/web-based-adaptive-system/gale/grapple/pages/glossary/gumf.xhtml"
"GALE_54E8D259-CA9D-7A8C-1498-0ACAF6FD7E71";"Tue Mar 21 10:33:05 CET 2017";;;"gale://gale.tue.nl/course/grapple/glossary_geb";"file:/C:/Users/Niels/Documents/web-based-adaptive-system/gale/grapple/pages/glossary/geb.xhtml"
"GALE_54E8D259-CA9D-7A8C-1498-0ACAF6FD7E71";"Tue Mar 21 10:33:05 CET 2017";"http://localhost:8080/gale/concept/gale://gale.tue.nl/course/grapple/$%7Bhome%7D/gale.css";"http://localhost:8080/gale/concept/gale://gale.tue.nl/course/grapple/gale_architecture?frame=true";"null";"null"
"GALE_54E8D259-CA9D-7A8C-1498-0ACAF6FD7E71";"Tue Mar 21 10:33:05 CET 2017";"http://localhost:8080/gale/concept/gale://gale.tue.nl/course/grapple/gale_architecture/$%7Bhome%7D/grapple/tutorial.css";"http://localhost:8080/gale/concept/gale://gale.tue.nl/course/grapple/gale_architecture?frame=true";"null";"null"
"GALE_54E8D259-CA9D-7A8C-1498-0ACAF6FD7E71";"Tue Mar 21 10:33:05 CET 2017";"http://localhost:8080/gale/concept/gale://gale.tue.nl/course/grapple/gale_architecture/$%7Bhome%7D/grapple/images/gale-architecture.jpg";"http://localhost:8080/gale/concept/gale://gale.tue.nl/course/grapple/gale_architecture?frame=true";"null";"null"
"GALE_54E8D259-CA9D-7A8C-1498-0ACAF6FD7E71";"Tue Mar 21 10:33:07 CET 2017";"http://localhost:8080/gale/concept/gale://gale.tue.nl/course/grapple/gale_code";"http://localhost:8080/gale/concept/gale://gale.tue.nl/course/grapple/gale_architecture";"gale://gale.tue.nl/course/grapple/gale_code";"http://localhost:8080/gale/concept/gale://gale.tue.nl/course/grapple/gale_code"
"GALE_54E8D259-CA9D-7A8C-1498-0ACAF6FD7E71";"Tue Mar 21 10:33:07 CET 2017";"http://localhost:8080/gale/concept/gale://gale.tue.nl/course/grapple/$%7Bhome%7D/gale.css";"http://localhost:8080/gale/concept/gale://gale.tue.nl/course/grapple/gale_code";"null";"null"
"GALE_54E8D259-CA9D-7A8C-1498-0ACAF6FD7E71";"Tue Mar 21 10:33:07 CET 2017";"http://localhost:8080/gale/concept/$%7Bhome%7D/images/GreenBall.gif";"http://localhost:8080/gale/concept/gale://gale.tue.nl/course/grapple/gale_code";"null";"null"
"GALE_54E8D259-CA9D-7A8C-1498-0ACAF6FD7E71";"Tue Mar 21 10:33:07 CET 2017";"http://localhost:8080/gale/concept/$%7Bhome%7D/images/WhiteBall.gif";"http://localhost:8080/gale/concept/gale://gale.tue.nl/course/grapple/gale_code";"null";"null"
"GALE_54E8D259-CA9D-7A8C-1498-0ACAF6FD7E71";"Tue Mar 21 10:33:07 CET 2017";"http://localhost:8080/gale/concept/gale://gale.tue.nl/course/grapple/gale_code";"http://localhost:8080/gale/concept/gale://gale.tue.nl/course/grapple/gale_code";"gale://gale.tue.nl/course/grapple/gale_code";"file:/C:/Users/Niels/Documents/web-based-adaptive-system/gale/grapple/pages/gale/gale_code.xhtml"
"GALE_54E8D259-CA9D-7A8C-1498-0ACAF6FD7E71";"Tue Mar 21 10:33:07 CET 2017";;;"gale://gale.tue.nl/course/grapple/glossary_gale";"file:/C:/Users/Niels/Documents/web-based-adaptive-system/gale/grapple/pages/glossary/gale.xhtml"
"GALE_54E8D259-CA9D-7A8C-1498-0ACAF6FD7E71";"Tue Mar 21 10:33:07 CET 2017";;;"gale://gale.tue.nl/course/grapple/glossary_dm";"file:/C:/Users/Niels/Documents/web-based-adaptive-system/gale/grapple/pages/glossary/dm.xhtml"
"GALE_54E8D259-CA9D-7A8C-1498-0ACAF6FD7E71";"Tue Mar 21 10:33:07 CET 2017";;;"gale://gale.tue.nl/course/grapple/glossary_um";"file:/C:/Users/Niels/Documents/web-based-adaptive-system/gale/grapple/pages/glossary/um.xhtml"
"GALE_54E8D259-CA9D-7A8C-1498-0ACAF6FD7E71";"Tue Mar 21 10:33:07 CET 2017";;;"gale://gale.tue.nl/course/grapple/glossary_prt";"file:/C:/Users/Niels/Documents/web-based-adaptive-system/gale/grapple/pages/glossary/prt.xhtml"
"GALE_54E8D259-CA9D-7A8C-1498-0ACAF6FD7E71";"Tue Mar 21 10:33:07 CET 2017";;;"gale://gale.tue.nl/course/grapple/glossary_gat";"file:/C:/Users/Niels/Documents/web-based-adaptive-system/gale/grapple/pages/glossary/gat.xhtml"
"GALE_54E8D259-CA9D-7A8C-1498-0ACAF6FD7E71";"Tue Mar 21 10:33:07 CET 2017";;;"gale://gale.tue.nl/course/grapple/glossary_gumf";"file:/C:/Users/Niels/Documents/web-based-adaptive-system/gale/grapple/pages/glossary/gumf.xhtml"
"GALE_54E8D259-CA9D-7A8C-1498-0ACAF6FD7E71";"Tue Mar 21 10:33:07 CET 2017";"http://localhost:8080/gale/concept/gale://gale.tue.nl/course/grapple/$%7Bhome%7D/gale.css";"http://localhost:8080/gale/concept/gale://gale.tue.nl/course/grapple/gale_code?frame=true";"null";"null"
"GALE_54E8D259-CA9D-7A8C-1498-0ACAF6FD7E71";"Tue Mar 21 10:33:07 CET 2017";"http://localhost:8080/gale/concept/gale://gale.tue.nl/course/grapple/gale_code/$%7Bhome%7D/grapple/tutorial.css";"http://localhost:8080/gale/concept/gale://gale.tue.nl/course/grapple/gale_code?frame=true";"null";"null"
"GALE_54E8D259-CA9D-7A8C-1498-0ACAF6FD7E71";"Tue Mar 21 10:33:08 CET 2017";"http://localhost:8080/gale/concept/gale://gale.tue.nl/course/grapple/gale_structures";"http://localhost:8080/gale/concept/gale://gale.tue.nl/course/grapple/gale_code";"gale://gale.tue.nl/course/grapple/gale_structures";"http://localhost:8080/gale/concept/gale://gale.tue.nl/course/grapple/gale_structures"
"GALE_54E8D259-CA9D-7A8C-1498-0ACAF6FD7E71";"Tue Mar 21 10:33:08 CET 2017";"http://localhost:8080/gale/concept/gale://gale.tue.nl/course/grapple/$%7Bhome%7D/gale.css";"http://localhost:8080/gale/concept/gale://gale.tue.nl/course/grapple/gale_structures";"null";"null"
"GALE_54E8D259-CA9D-7A8C-1498-0ACAF6FD7E71";"Tue Mar 21 10:33:08 CET 2017";"http://localhost:8080/gale/concept/$%7Bhome%7D/images/GreenBall.gif";"http://localhost:8080/gale/concept/gale://gale.tue.nl/course/grapple/gale_structures";"null";"null"
"GALE_54E8D259-CA9D-7A8C-1498-0ACAF6FD7E71";"Tue Mar 21 10:33:08 CET 2017";"http://localhost:8080/gale/concept/$%7Bhome%7D/images/WhiteBall.gif";"http://localhost:8080/gale/concept/gale://gale.tue.nl/course/grapple/gale_structures";"null";"null"
"GALE_54E8D259-CA9D-7A8C-1498-0ACAF6FD7E71";"Tue Mar 21 10:33:08 CET 2017";"http://localhost:8080/gale/concept/gale://gale.tue.nl/course/grapple/gale_structures";"http://localhost:8080/gale/concept/gale://gale.tue.nl/course/grapple/gale_structures";"gale://gale.tue.nl/course/grapple/gale_structures";"file:/C:/Users/Niels/Documents/web-based-adaptive-system/gale/grapple/pages/gale/gale_structures.xhtml"
"GALE_54E8D259-CA9D-7A8C-1498-0ACAF6FD7E71";"Tue Mar 21 10:33:08 CET 2017";;;"gale://gale.tue.nl/course/grapple/glossary_gale";"file:/C:/Users/Niels/Documents/web-based-adaptive-system/gale/grapple/pages/glossary/gale.xhtml"
"GALE_54E8D259-CA9D-7A8C-1498-0ACAF6FD7E71";"Tue Mar 21 10:33:08 CET 2017";"http://localhost:8080/gale/concept/gale://gale.tue.nl/course/grapple/$%7Bhome%7D/gale.css";"http://localhost:8080/gale/concept/gale://gale.tue.nl/course/grapple/gale_structures?frame=true";"null";"null"
"GALE_54E8D259-CA9D-7A8C-1498-0ACAF6FD7E71";"Tue Mar 21 10:33:08 CET 2017";"http://localhost:8080/gale/concept/gale://gale.tue.nl/course/grapple/gale_structures/$%7Bhome%7D/grapple/tutorial.css";"http://localhost:8080/gale/concept/gale://gale.tue.nl/course/grapple/gale_structures?frame=true";"null";"null"
"GALE_54E8D259-CA9D-7A8C-1498-0ACAF6FD7E71";"Tue Mar 21 10:33:44 CET 2017";"http://localhost:8080/gale/concept/gale://gale.tue.nl/course/milkyway/Milkyway";"http://localhost:8080/gale/";"gale://gale.tue.nl/course/milkyway/Milkyway";"http://localhost:8080/gale/concept/gale://gale.tue.nl/course/milkyway/Milkyway"
"GALE_54E8D259-CA9D-7A8C-1498-0ACAF6FD7E71";"Tue Mar 21 10:33:44 CET 2017";"http://localhost:8080/gale/concept/gale://gale.tue.nl/course/milkyway/$%7Bhome%7D/gale.css";"http://localhost:8080/gale/concept/gale://gale.tue.nl/course/milkyway/Milkyway";"null";"null"
"GALE_54E8D259-CA9D-7A8C-1498-0ACAF6FD7E71";"Tue Mar 21 10:33:44 CET 2017";"http://localhost:8080/gale/concept/$%7Bhome%7D/images/WhiteBall.gif";"http://localhost:8080/gale/concept/gale://gale.tue.nl/course/milkyway/Milkyway";"null";"null"
"GALE_54E8D259-CA9D-7A8C-1498-0ACAF6FD7E71";"Tue Mar 21 10:33:44 CET 2017";"http://localhost:8080/gale/concept/$%7Bhome%7D/images/GreenBall.gif";"http://localhost:8080/gale/concept/gale://gale.tue.nl/course/milkyway/Milkyway";"null";"null"
"GALE_54E8D259-CA9D-7A8C-1498-0ACAF6FD7E71";"Tue Mar 21 10:33:44 CET 2017";"http://localhost:8080/gale/concept/gale://gale.tue.nl/course/milkyway/Milkyway";"http://localhost:8080/gale/concept/gale://gale.tue.nl/course/milkyway/Milkyway";"gale://gale.tue.nl/course/milkyway/Milkyway";"file:/C:/Users/Niels/Documents/web-based-adaptive-system/gale/Milkyway/xml/milkyway_template.xhtml"
"GALE_54E8D259-CA9D-7A8C-1498-0ACAF6FD7E71";"Tue Mar 21 10:33:44 CET 2017";"http://localhost:8080/gale/concept/gale://gale.tue.nl/course/milkyway/$%7Bhome%7D/gale.css";"http://localhost:8080/gale/concept/gale://gale.tue.nl/course/milkyway/Milkyway?frame=true";"null";"null"
"GALE_54E8D259-CA9D-7A8C-1498-0ACAF6FD7E71";"Tue Mar 21 10:33:44 CET 2017";"http://localhost:8080/gale/concept/gale://gale.tue.nl/course/milkyway/Milkyway/$%7Bhome%7D/Milkyway/img/img_milkyway.jpg";"http://localhost:8080/gale/concept/gale://gale.tue.nl/course/milkyway/Milkyway?frame=true";"null";"null"
"GALE_54E8D259-CA9D-7A8C-1498-0ACAF6FD7E71";"Tue Mar 21 11:04:45 CET 2017";"http://localhost:8080/gale/concept/gale://gale.tue.nl/admin/AMt";"http://localhost:8080/gale/";"gale://gale.tue.nl/admin/AMt";"file:/C:/Users/Niels/Documents/web-based-adaptive-system/gale/empty.xhtml"
"GALE_54E8D259-CA9D-7A8C-1498-0ACAF6FD7E71";"Tue Mar 21 11:04:45 CET 2017";"http://localhost:8080/gale/concept/gale://gale.tue.nl/admin/$%7Bhome%7D/gale.css";"http://localhost:8080/gale/concept/gale://gale.tue.nl/admin/AMt";"null";"null"
"GALE_54E8D259-CA9D-7A8C-1498-0ACAF6FD7E71";"Tue Mar 21 11:04:51 CET 2017";"http://localhost:8080/gale/concept/gale://gale.tue.nl/admin/courselist";"http://localhost:8080/gale/";"gale://gale.tue.nl/admin/courselist";"file:/C:/Users/Niels/Documents/web-based-adaptive-system/gale/empty.xhtml"
"GALE_54E8D259-CA9D-7A8C-1498-0ACAF6FD7E71";"Tue Mar 21 11:04:51 CET 2017";"http://localhost:8080/gale/concept/gale://gale.tue.nl/admin/$%7Bhome%7D/gale.css";"http://localhost:8080/gale/concept/gale://gale.tue.nl/admin/courselist";"null";"null"
"GALE_54E8D259-CA9D-7A8C-1498-0ACAF6FD7E71";"Tue Mar 21 12:08:33 CET 2017";"http://localhost:8080/gale/concept/http://localhost:8000/thesis";;"http://localhost:8000/thesis";"http://localhost:8000/intro.xhtml"
"GALE_54E8D259-CA9D-7A8C-1498-0ACAF6FD7E71";"Tue Mar 21 12:09:59 CET 2017";"http://localhost:8080/gale/concept/http://localhost:8000/thesis";;"http://localhost:8000/thesis";"http://localhost:8000/intro.xhtml"
"GALE_54E8D259-CA9D-7A8C-1498-0ACAF6FD7E71";"Tue Mar 21 12:10:04 CET 2017";"http://localhost:8080/gale/concept/http://localhost:8000/thesis";"http://localhost:8080/gale/concept/http://localhost:8000/thesis";"http://localhost:8000/thesis";"null"
"GALE_54E8D259-CA9D-7A8C-1498-0ACAF6FD7E71";"Tue Mar 21 12:10:32 CET 2017";"http://localhost:8080/gale/concept/http://localhost:8000/thesis";"http://localhost:8080/gale/concept/http://localhost:8000/thesis";"http://localhost:8000/thesis";"http://localhost:8000/layout.xhtml"
"GALE_54E8D259-CA9D-7A8C-1498-0ACAF6FD7E71";"Tue Mar 21 12:10:39 CET 2017";"http://localhost:8080/gale/concept/http://localhost:8000/thesis";;"http://localhost:8000/thesis";"http://localhost:8000/layout.xhtml"
"GALE_54E8D259-CA9D-7A8C-1498-0ACAF6FD7E71";"Tue Mar 21 12:10:42 CET 2017";"http://localhost:8080/gale/concept/http://localhost:8000/thesis";;"http://localhost:8000/thesis";"http://localhost:8000/layout.xhtml"
"GALE_54E8D259-CA9D-7A8C-1498-0ACAF6FD7E71";"Tue Mar 21 12:10:43 CET 2017";;;"http://localhost:8000/appendix/title";"http://localhost:8000/layout.xhtml"
"GALE_54E8D259-CA9D-7A8C-1498-0ACAF6FD7E71";"Tue Mar 21 12:10:52 CET 2017";"http://localhost:8080/gale/concept/http://localhost:8000/thesis";;"http://localhost:8000/thesis";"http://localhost:8000/layout.xhtml"
"GALE_54E8D259-CA9D-7A8C-1498-0ACAF6FD7E71";"Tue Mar 21 12:11:12 CET 2017";"http://localhost:8080/gale/concept/http://localhost:8000/thesis";;"http://localhost:8000/thesis";"http://localhost:8000/layout.xhtml"
"GALE_54E8D259-CA9D-7A8C-1498-0ACAF6FD7E71";"Tue Mar 21 12:11:12 CET 2017";"http://localhost:8080/gale/concept/http://localhost:8000/introduction";"http://localhost:8080/gale/concept/http://localhost:8000/thesis";"http://localhost:8000/introduction";"http://localhost:8000/layout.xhtml"
"GALE_54E8D259-CA9D-7A8C-1498-0ACAF6FD7E71";"Tue Mar 21 12:11:12 CET 2017";"http://localhost:8080/gale/concept/http://localhost:8000/introduction";"http://localhost:8080/gale/concept/http://localhost:8000/thesis";"http://localhost:8000/introduction";"http://localhost:8000/layout.xhtml"
"GALE_54E8D259-CA9D-7A8C-1498-0ACAF6FD7E71";"Tue Mar 21 12:11:41 CET 2017";"http://localhost:8080/gale/concept/http://localhost:8000/introduction";"http://localhost:8080/gale/concept/http://localhost:8000/thesis";"http://localhost:8000/introduction";"http://localhost:8000/layout.xhtml"
"GALE_54E8D259-CA9D-7A8C-1498-0ACAF6FD7E71";"Tue Mar 21 12:12:51 CET 2017";"http://localhost:8080/gale/concept/http://localhost:8000/introduction";"http://localhost:8080/gale/concept/http://localhost:8000/thesis";"http://localhost:8000/introduction";"http://localhost:8000/layout.xhtml"
"GALE_54E8D259-CA9D-7A8C-1498-0ACAF6FD7E71";"Tue Mar 21 12:34:11 CET 2017";"http://localhost:8080/gale/concept/http://localhost:8000/thesis";;"http://localhost:8000/thesis";"file:/C:/Users/Niels/Documents/web-based-adaptive-system/gale/empty.xhtml"
"GALE_54E8D259-CA9D-7A8C-1498-0ACAF6FD7E71";"Tue Mar 21 12:34:12 CET 2017";"http://localhost:8080/gale/concept/http://localhost:8000/$%7Bhome%7D/gale.css";"http://localhost:8080/gale/concept/http://localhost:8000/thesis";"null";"null"
"GALE_54E8D259-CA9D-7A8C-1498-0ACAF6FD7E71";"Tue Mar 21 12:34:22 CET 2017";"http://localhost:8080/gale/concept/http://localhost:8000/thesis";;"http://localhost:8000/thesis";"file:/C:/Users/Niels/Documents/web-based-adaptive-system/gale/empty.xhtml"
"GALE_54E8D259-CA9D-7A8C-1498-0ACAF6FD7E71";"Tue Mar 21 12:34:22 CET 2017";"http://localhost:8080/gale/concept/http://localhost:8000/$%7Bhome%7D/gale.css";"http://localhost:8080/gale/concept/http://localhost:8000/thesis";"null";"null"
"GALE_54E8D259-CA9D-7A8C-1498-0ACAF6FD7E71";"Tue Mar 21 12:35:02 CET 2017";"http://localhost:8080/gale/concept/http://localhost:8000/thesis";;"http://localhost:8000/thesis";"file:/C:/Users/Niels/Documents/web-based-adaptive-system/gale/empty.xhtml"
"GALE_54E8D259-CA9D-7A8C-1498-0ACAF6FD7E71";"Tue Mar 21 12:35:02 CET 2017";"http://localhost:8080/gale/concept/http://localhost:8000/$%7Bhome%7D/gale.css";"http://localhost:8080/gale/concept/http://localhost:8000/thesis";"null";"null"
"GALE_54E8D259-CA9D-7A8C-1498-0ACAF6FD7E71";"Tue Mar 21 12:35:03 CET 2017";"http://localhost:8080/gale/concept/http://localhost:8000/thesis";;"http://localhost:8000/thesis";"file:/C:/Users/Niels/Documents/web-based-adaptive-system/gale/empty.xhtml"
"GALE_54E8D259-CA9D-7A8C-1498-0ACAF6FD7E71";"Tue Mar 21 12:35:03 CET 2017";"http://localhost:8080/gale/concept/http://localhost:8000/$%7Bhome%7D/gale.css";"http://localhost:8080/gale/concept/http://localhost:8000/thesis";"null";"null"
"GALE_54E8D259-CA9D-7A8C-1498-0ACAF6FD7E71";"Tue Mar 21 12:35:11 CET 2017";"http://localhost:8080/gale/concept/http://localhost:8000/thesis";;"http://localhost:8000/thesis";"file:/C:/Users/Niels/Documents/web-based-adaptive-system/gale/empty.xhtml"
"GALE_54E8D259-CA9D-7A8C-1498-0ACAF6FD7E71";"Tue Mar 21 12:35:11 CET 2017";"http://localhost:8080/gale/concept/http://localhost:8000/$%7Bhome%7D/gale.css";"http://localhost:8080/gale/concept/http://localhost:8000/thesis";"null";"null"
"GALE_54E8D259-CA9D-7A8C-1498-0ACAF6FD7E71";"Tue Mar 21 12:36:10 CET 2017";"http://localhost:8080/gale/concept/http://localhost:8000/thesis";;"http://localhost:8000/thesis";"file:/C:/Users/Niels/Documents/web-based-adaptive-system/gale/empty.xhtml"
"GALE_54E8D259-CA9D-7A8C-1498-0ACAF6FD7E71";"Tue Mar 21 12:36:10 CET 2017";"http://localhost:8080/gale/concept/http://localhost:8000/$%7Bhome%7D/gale.css";"http://localhost:8080/gale/concept/http://localhost:8000/thesis";"null";"null"
"GALE_54E8D259-CA9D-7A8C-1498-0ACAF6FD7E71";"Tue Mar 21 12:36:11 CET 2017";"http://localhost:8080/gale/concept/http://localhost:8000/thesis";;"http://localhost:8000/thesis";"file:/C:/Users/Niels/Documents/web-based-adaptive-system/gale/empty.xhtml"
"GALE_54E8D259-CA9D-7A8C-1498-0ACAF6FD7E71";"Tue Mar 21 12:36:11 CET 2017";"http://localhost:8080/gale/concept/http://localhost:8000/$%7Bhome%7D/gale.css";"http://localhost:8080/gale/concept/http://localhost:8000/thesis";"null";"null"
"GALE_54E8D259-CA9D-7A8C-1498-0ACAF6FD7E71";"Tue Mar 21 12:36:27 CET 2017";"http://localhost:8080/gale/concept/http://localhost:8000/thesis";;"http://localhost:8000/thesis";"http://localhost:8000/layout.xhtml"
"GALE_54E8D259-CA9D-7A8C-1498-0ACAF6FD7E71";"Tue Mar 21 12:36:28 CET 2017";"http://localhost:8080/gale/concept/http://localhost:8000/thesis";;"http://localhost:8000/thesis";"http://localhost:8000/layout.xhtml"
"GALE_54E8D259-CA9D-7A8C-1498-0ACAF6FD7E71";"Tue Mar 21 12:36:29 CET 2017";"http://localhost:8080/gale/concept/http://localhost:8000/thesis";;"http://localhost:8000/thesis";"http://localhost:8000/layout.xhtml"
"GALE_54E8D259-CA9D-7A8C-1498-0ACAF6FD7E71";"Tue Mar 21 12:36:31 CET 2017";"http://localhost:8080/gale/concept/http://localhost:8000/thesis";;"http://localhost:8000/thesis";"http://localhost:8000/layout.xhtml"
"GALE_54E8D259-CA9D-7A8C-1498-0ACAF6FD7E71";"Tue Mar 21 12:36:31 CET 2017";"http://localhost:8080/gale/concept/http://localhost:8000/thesis";;"http://localhost:8000/thesis";"http://localhost:8000/layout.xhtml"
"GALE_54E8D259-CA9D-7A8C-1498-0ACAF6FD7E71";"Tue Mar 21 12:36:33 CET 2017";"http://localhost:8080/gale/concept/http://localhost:8000/thesis";;"http://localhost:8000/thesis";"http://localhost:8000/layout.xhtml"
"GALE_54E8D259-CA9D-7A8C-1498-0ACAF6FD7E71";"Tue Mar 21 12:36:33 CET 2017";"http://localhost:8080/gale/concept/http://localhost:8000/thesis";;"http://localhost:8000/thesis";"http://localhost:8000/layout.xhtml"
"GALE_54E8D259-CA9D-7A8C-1498-0ACAF6FD7E71";"Tue Mar 21 12:36:42 CET 2017";"http://localhost:8080/gale/concept/http://localhost:8000/thesis";;"http://localhost:8000/thesis";"http://localhost:8000/layout.xhtml"
"GALE_54E8D259-CA9D-7A8C-1498-0ACAF6FD7E71";"Tue Mar 21 12:37:06 CET 2017";"http://localhost:8080/gale/concept/http://localhost:8000/thesis";;"http://localhost:8000/thesis";"http://localhost:8000/layout.xhtml"
"GALE_54E8D259-CA9D-7A8C-1498-0ACAF6FD7E71";"Tue Mar 21 12:40:57 CET 2017";"http://localhost:8080/gale/concept/http://localhost:8000/thesis";;"http://localhost:8000/thesis";"http://localhost:8000/layout.xhtml"
"GALE_54E8D259-CA9D-7A8C-1498-0ACAF6FD7E71";"Tue Mar 21 12:40:57 CET 2017";"http://localhost:8080/gale/concept/http://localhost:8000/thesis";;"http://localhost:8000/thesis";"http://localhost:8000/layout.xhtml"
"GALE_54E8D259-CA9D-7A8C-1498-0ACAF6FD7E71";"Wed Mar 22 17:24:23 CET 2017";"http://localhost:8080/gale/concept/http://localhost:8000/thesis";;"http://localhost:8000/thesis";"file:/C:/Users/Niels/Documents/web-based-adaptive-system/gale/empty.xhtml"
"GALE_54E8D259-CA9D-7A8C-1498-0ACAF6FD7E71";"Wed Mar 22 17:24:23 CET 2017";"http://localhost:8080/gale/concept/http://localhost:8000/$%7Bhome%7D/gale.css";"http://localhost:8080/gale/concept/http://localhost:8000/thesis";"null";"null"
"GALE_54E8D259-CA9D-7A8C-1498-0ACAF6FD7E71";"Wed Mar 22 17:38:42 CET 2017";"http://localhost:8080/gale/concept/http://localhost:8000/thesis/thesis";;"http://localhost:8000/thesis/thesis";"http://localhost:8000/thesis/intro.xhtml"
"GALE_54E8D259-CA9D-7A8C-1498-0ACAF6FD7E71";"Wed Mar 22 17:38:49 CET 2017";"http://localhost:8080/gale/concept/http://localhost:8000/thesis/thesis";"http://localhost:8080/gale/concept/http://localhost:8000/thesis/thesis";"http://localhost:8000/thesis/thesis";"null"
"GALE_54E8D259-CA9D-7A8C-1498-0ACAF6FD7E71";"Wed Mar 22 17:39:21 CET 2017";"http://localhost:8080/gale/concept/http://localhost:8000/thesis/thesis";"http://localhost:8080/gale/concept/http://localhost:8000/thesis/thesis";"http://localhost:8000/thesis/thesis";"http://localhost:8000/thesis/layout.xhtml"
"GALE_54E8D259-CA9D-7A8C-1498-0ACAF6FD7E71";"Wed Mar 22 17:39:22 CET 2017";"http://localhost:8080/gale/concept/http://localhost:8000/thesis/thesis";;"http://localhost:8000/thesis/thesis";"http://localhost:8000/thesis/layout.xhtml"
"GALE_54E8D259-CA9D-7A8C-1498-0ACAF6FD7E71";"Wed Mar 22 17:39:31 CET 2017";"http://localhost:8080/gale/concept/http://localhost:8000/thesis/thesis";;"http://localhost:8000/thesis/thesis";"http://localhost:8000/thesis/layout.xhtml"
"GALE_54E8D259-CA9D-7A8C-1498-0ACAF6FD7E71";"Wed Mar 22 17:39:35 CET 2017";"http://localhost:8080/gale/concept/http://localhost:8000/thesis/thesis";;"http://localhost:8000/thesis/thesis";"http://localhost:8000/thesis/layout.xhtml"
"GALE_54E8D259-CA9D-7A8C-1498-0ACAF6FD7E71";"Wed Mar 22 17:39:50 CET 2017";"http://localhost:8080/gale/concept/http://localhost:8000/thesis/thesis";;"http://localhost:8000/thesis/thesis";"http://localhost:8000/thesis/layout.xhtml"
"GALE_54E8D259-CA9D-7A8C-1498-0ACAF6FD7E71";"Wed Mar 22 17:39:54 CET 2017";"http://localhost:8080/gale/concept/http://localhost:8000/thesis/thesis";;"http://localhost:8000/thesis/thesis";"http://localhost:8000/thesis/layout.xhtml"
"GALE_54E8D259-CA9D-7A8C-1498-0ACAF6FD7E71";"Wed Mar 22 17:40:05 CET 2017";"http://localhost:8080/gale/concept/http://localhost:8000/thesis/thesis";;"http://localhost:8000/thesis/thesis";"http://localhost:8000/thesis/layout.xhtml"
"GALE_54E8D259-CA9D-7A8C-1498-0ACAF6FD7E71";"Wed Mar 22 17:40:11 CET 2017";"http://localhost:8080/gale/concept/http://localhost:8000/thesis/thesis";;"http://localhost:8000/thesis/thesis";"http://localhost:8000/thesis/layout.xhtml"
"GALE_54E8D259-CA9D-7A8C-1498-0ACAF6FD7E71";"Wed Mar 22 17:40:11 CET 2017";"http://localhost:8080/gale/concept/http://localhost:8000/thesis/thesis";;"http://localhost:8000/thesis/thesis";"http://localhost:8000/thesis/layout.xhtml"
"GALE_54E8D259-CA9D-7A8C-1498-0ACAF6FD7E71";"Wed Mar 22 17:40:16 CET 2017";"http://localhost:8080/gale/concept/http://localhost:8000/stress/thesis";;"http://localhost:8000/stress/thesis";"http://localhost:8000/stress/intro.xhtml"
"GALE_54E8D259-CA9D-7A8C-1498-0ACAF6FD7E71";"Wed Mar 22 17:40:25 CET 2017";"http://localhost:8080/gale/concept/http://localhost:8000/stress/thesis";;"http://localhost:8000/stress/thesis";"http://localhost:8000/stress/intro.xhtml"
"GALE_54E8D259-CA9D-7A8C-1498-0ACAF6FD7E71";"Wed Mar 22 17:40:30 CET 2017";"http://localhost:8080/gale/concept/http://localhost:8000/stress/thesis";;"http://localhost:8000/stress/thesis";"http://localhost:8000/stress/intro.xhtml"
"GALE_54E8D259-CA9D-7A8C-1498-0ACAF6FD7E71";"Wed Mar 22 17:41:49 CET 2017";"http://localhost:8080/gale/concept/http://localhost:8000/stress/thesis";;"http://localhost:8000/stress/thesis";"http://localhost:8000/stress/intro.xhtml"
"GALE_54E8D259-CA9D-7A8C-1498-0ACAF6FD7E71";"Wed Mar 22 17:43:07 CET 2017";"http://localhost:8080/gale/concept/http://localhost:8000/stress/thesis";;"http://localhost:8000/stress/thesis";"http://localhost:8000/stress/intro.xhtml"
"GALE_54E8D259-CA9D-7A8C-1498-0ACAF6FD7E71";"Wed Mar 22 17:49:52 CET 2017";"http://localhost:8080/gale/concept/http://localhost:8000/thesis";;"http://localhost:8000/thesis";"http://localhost:8000/layout.xhtml"
"GALE_54E8D259-CA9D-7A8C-1498-0ACAF6FD7E71";"Wed Mar 22 17:50:40 CET 2017";"http://localhost:8080/gale/concept/http://localhost:8000/thesis";;"http://localhost:8000/thesis";"http://localhost:8000/layout.xhtml"
"GALE_54E8D259-CA9D-7A8C-1498-0ACAF6FD7E71";"Wed Mar 22 17:50:40 CET 2017";"http://localhost:8080/gale/concept/http://localhost:8000/thesis";;"http://localhost:8000/thesis";"http://localhost:8000/layout.xhtml"
"GALE_54E8D259-CA9D-7A8C-1498-0ACAF6FD7E71";"Wed Mar 22 17:51:16 CET 2017";"http://localhost:8080/gale/concept/http://localhost:8000/thesis";;"http://localhost:8000/thesis";"http://localhost:8000/layout.xhtml"
"GALE_54E8D259-CA9D-7A8C-1498-0ACAF6FD7E71";"Wed Mar 22 17:52:30 CET 2017";"http://localhost:8080/gale/concept/http://localhost:8000/thesis";;"http://localhost:8000/thesis";"http://localhost:8000/layout.xhtml"
"GALE_54E8D259-CA9D-7A8C-1498-0ACAF6FD7E71";"Wed Mar 22 17:52:30 CET 2017";"http://localhost:8080/gale/concept/http://localhost:8000/thesis";;"http://localhost:8000/thesis";"http://localhost:8000/layout.xhtml"
"GALE_54E8D259-CA9D-7A8C-1498-0ACAF6FD7E71";"Wed Mar 22 17:52:30 CET 2017";"http://localhost:8080/gale/concept/http://localhost:8000/thesis";;"http://localhost:8000/thesis";"http://localhost:8000/layout.xhtml"
"GALE_54E8D259-CA9D-7A8C-1498-0ACAF6FD7E71";"Wed Mar 22 17:52:55 CET 2017";"http://localhost:8080/gale/concept/http://localhost:8000/thesis";;"http://localhost:8000/thesis";"http://localhost:8000/layout.xhtml"
"GALE_54E8D259-CA9D-7A8C-1498-0ACAF6FD7E71";"Wed Mar 22 17:53:32 CET 2017";"http://localhost:8080/gale/concept/http://localhost:8000/thesis";;"http://localhost:8000/thesis";"http://localhost:8000/layout.xhtml"
"GALE_54E8D259-CA9D-7A8C-1498-0ACAF6FD7E71";"Wed Mar 22 18:01:24 CET 2017";"http://localhost:8080/gale/concept/http://localhost:8000/thesis";;"http://localhost:8000/thesis";"http://localhost:8000/layout.xhtml"
"GALE_54E8D259-CA9D-7A8C-1498-0ACAF6FD7E71";"Wed Mar 22 18:03:12 CET 2017";"http://localhost:8080/gale/concept/http://localhost:8000/aha";"http://localhost:8080/gale/concept/http://localhost:8000/thesis";"http://localhost:8000/aha";"http://localhost:8000/layout.xhtml"
"GALE_54E8D259-CA9D-7A8C-1498-0ACAF6FD7E71";"Wed Mar 22 18:03:32 CET 2017";"http://localhost:8080/gale/concept/http://localhost:8000/aha/models";"http://localhost:8080/gale/concept/http://localhost:8000/aha";"http://localhost:8000/aha/models";"http://localhost:8000/layout.xhtml"
"GALE_54E8D259-CA9D-7A8C-1498-0ACAF6FD7E71";"Wed Mar 22 18:03:32 CET 2017";"http://localhost:8080/gale/concept/http://localhost:8000/gale";"http://localhost:8080/gale/concept/http://localhost:8000/aha";"http://localhost:8000/gale";"http://localhost:8000/layout.xhtml"
"GALE_54E8D259-CA9D-7A8C-1498-0ACAF6FD7E71";"Wed Mar 22 18:03:34 CET 2017";"http://localhost:8080/gale/concept/http://localhost:8000/references";"http://localhost:8080/gale/concept/http://localhost:8000/gale";"http://localhost:8000/references";"http://localhost:8000/layout.xhtml"
"GALE_54E8D259-CA9D-7A8C-1498-0ACAF6FD7E71";"Wed Mar 22 18:03:35 CET 2017";"http://localhost:8080/gale/concept/http://localhost:8000/discussion";"http://localhost:8080/gale/concept/http://localhost:8000/references";"http://localhost:8000/discussion";"http://localhost:8000/layout.xhtml"
"GALE_54E8D259-CA9D-7A8C-1498-0ACAF6FD7E71";"Wed Mar 22 18:03:35 CET 2017";;;"http://localhost:8000/questions";"http://localhost:8000/layout.xhtml"
"GALE_54E8D259-CA9D-7A8C-1498-0ACAF6FD7E71";"Wed Mar 22 18:03:36 CET 2017";"http://localhost:8080/gale/concept/http://localhost:8000/performance";"http://localhost:8080/gale/concept/http://localhost:8000/discussion";"http://localhost:8000/performance";"http://localhost:8000/layout.xhtml"
"GALE_54E8D259-CA9D-7A8C-1498-0ACAF6FD7E71";"Wed Mar 22 18:03:48 CET 2017";"http://localhost:8080/gale/concept/http://localhost:8000/aha";"http://localhost:8080/gale/concept/http://localhost:8000/performance";"http://localhost:8000/aha";"http://localhost:8000/layout.xhtml"
"GALE_54E8D259-CA9D-7A8C-1498-0ACAF6FD7E71";"Wed Mar 22 18:03:48 CET 2017";"http://localhost:8080/gale/concept/http://localhost:8000/research";"http://localhost:8080/gale/concept/http://localhost:8000/performance";"http://localhost:8000/research";"http://localhost:8000/layout.xhtml"
"GALE_54E8D259-CA9D-7A8C-1498-0ACAF6FD7E71";"Wed Mar 22 18:03:48 CET 2017";"http://localhost:8080/gale/concept/http://localhost:8000/future-work";"http://localhost:8080/gale/concept/http://localhost:8000/performance";"http://localhost:8000/future-work";"http://localhost:8000/layout.xhtml"
"GALE_54E8D259-CA9D-7A8C-1498-0ACAF6FD7E71";"Wed Mar 22 18:03:48 CET 2017";"http://localhost:8080/gale/concept/http://localhost:8000/appendix";"http://localhost:8080/gale/concept/http://localhost:8000/performance";"http://localhost:8000/appendix";"http://localhost:8000/layout.xhtml"
"GALE_54E8D259-CA9D-7A8C-1498-0ACAF6FD7E71";"Wed Mar 22 18:04:01 CET 2017";"http://localhost:8080/gale/concept/http://localhost:8000/appendix/samenvatting";"http://localhost:8080/gale/concept/http://localhost:8000/appendix";"http://localhost:8000/appendix/samenvatting";"http://localhost:8000/layout.xhtml"
"GALE_54E8D259-CA9D-7A8C-1498-0ACAF6FD7E71";"Wed Mar 22 18:04:01 CET 2017";"http://localhost:8080/gale/concept/http://localhost:8000/appendix/cv";"http://localhost:8080/gale/concept/http://localhost:8000/appendix";"http://localhost:8000/appendix/cv";"http://localhost:8000/layout.xhtml"
"GALE_54E8D259-CA9D-7A8C-1498-0ACAF6FD7E71";"Wed Mar 22 18:04:57 CET 2017";"http://localhost:8080/gale/concept/http://localhost:8000/appendix/summary";"http://localhost:8080/gale/concept/http://localhost:8000/appendix/cv";"http://localhost:8000/appendix/summary";"http://localhost:8000/layout.xhtml"
"GALE_54E8D259-CA9D-7A8C-1498-0ACAF6FD7E71";"Wed Mar 22 18:04:59 CET 2017";"http://localhost:8080/gale/concept/http://localhost:8000/appendix/acknowledgements";"http://localhost:8080/gale/concept/http://localhost:8000/appendix/summary";"http://localhost:8000/appendix/acknowledgements";"http://localhost:8000/layout.xhtml"
"GALE_54E8D259-CA9D-7A8C-1498-0ACAF6FD7E71";"Wed Mar 22 18:05:56 CET 2017";"http://localhost:8080/gale/concept/http://localhost:8000/references";"http://localhost:8080/gale/concept/http://localhost:8000/appendix/acknowledgements";"http://localhost:8000/references";"http://localhost:8000/layout.xhtml"
"GALE_54E8D259-CA9D-7A8C-1498-0ACAF6FD7E71";"Wed Mar 22 18:06:02 CET 2017";"http://localhost:8080/gale/concept/http://localhost:8000/thesis";"http://localhost:8080/gale/concept/http://localhost:8000/references";"http://localhost:8000/thesis";"http://localhost:8000/layout.xhtml"
"GALE_54E8D259-CA9D-7A8C-1498-0ACAF6FD7E71";"Wed Mar 22 18:06:10 CET 2017";"http://localhost:8080/gale/concept/http://localhost:8000/research";"http://localhost:8080/gale/concept/http://localhost:8000/thesis";"http://localhost:8000/research";"http://localhost:8000/layout.xhtml"
"GALE_54E8D259-CA9D-7A8C-1498-0ACAF6FD7E71";"Wed Mar 22 18:10:58 CET 2017";"http://localhost:8080/gale/concept/http://localhost:8000/research/early-aha";"http://localhost:8080/gale/concept/http://localhost:8000/research";"http://localhost:8000/research/early-aha";"http://localhost:8000/layout.xhtml"
"GALE_54E8D259-CA9D-7A8C-1498-0ACAF6FD7E71";"Wed Mar 22 18:11:00 CET 2017";"http://localhost:8080/gale/concept/http://localhost:8000/research/taxonomy";"http://localhost:8080/gale/concept/http://localhost:8000/research/early-aha";"http://localhost:8000/research/taxonomy";"http://localhost:8000/layout.xhtml"
"GALE_54E8D259-CA9D-7A8C-1498-0ACAF6FD7E71";"Wed Mar 22 18:11:25 CET 2017";"http://localhost:8080/gale/concept/http://localhost:8000/introduction";"http://localhost:8080/gale/concept/http://localhost:8000/research/taxonomy";"http://localhost:8000/introduction";"http://localhost:8000/layout.xhtml"
"GALE_54E8D259-CA9D-7A8C-1498-0ACAF6FD7E71";"Wed Mar 22 18:11:27 CET 2017";"http://localhost:8080/gale/concept/http://localhost:8000/appendix";"http://localhost:8080/gale/concept/http://localhost:8000/introduction";"http://localhost:8000/appendix";"http://localhost:8000/layout.xhtml"
"GALE_54E8D259-CA9D-7A8C-1498-0ACAF6FD7E71";"Wed Mar 22 18:11:29 CET 2017";"http://localhost:8080/gale/concept/http://localhost:8000/appendix/samenvatting";"http://localhost:8080/gale/concept/http://localhost:8000/appendix";"http://localhost:8000/appendix/samenvatting";"http://localhost:8000/layout.xhtml"
"GALE_54E8D259-CA9D-7A8C-1498-0ACAF6FD7E71";"Wed Mar 22 18:11:30 CET 2017";"http://localhost:8080/gale/concept/http://localhost:8000/appendix/cv";"http://localhost:8080/gale/concept/http://localhost:8000/appendix/samenvatting";"http://localhost:8000/appendix/cv";"http://localhost:8000/layout.xhtml"
"GALE_54E8D259-CA9D-7A8C-1498-0ACAF6FD7E71";"Wed Mar 22 18:11:46 CET 2017";"http://localhost:8080/gale/concept/http://localhost:8000/appendix/cv";"http://localhost:8080/gale/concept/http://localhost:8000/appendix/cv";"http://localhost:8000/appendix/cv";"http://localhost:8000/layout.xhtml"
"GALE_54E8D259-CA9D-7A8C-1498-0ACAF6FD7E71";"Wed Mar 22 18:11:48 CET 2017";"http://localhost:8080/gale/concept/http://localhost:8000/appendix";"http://localhost:8080/gale/concept/http://localhost:8000/appendix/cv";"http://localhost:8000/appendix";"http://localhost:8000/layout.xhtml"
"GALE_54E8D259-CA9D-7A8C-1498-0ACAF6FD7E71";"Wed Mar 22 18:11:58 CET 2017";"http://localhost:8080/gale/concept/http://localhost:8000/thesis";;"http://localhost:8000/thesis";"http://localhost:8000/layout.xhtml"
